2023-07-25 19:31:50.150 [main] INFO  com.dev.socialPoll.dao.connection.ConnectionPool - Connection pool initialized
2023-07-25 19:35:46.469 [main] INFO  com.dev.socialPoll.dao.connection.ConnectionPool - Connection pool initialized
2023-07-25 21:01:55.273 [main] INFO  com.dev.socialPoll.dao.connection.ConnectionPool - Connection pool initialized
2023-07-25 21:02:50.320 [main] INFO  com.dev.socialPoll.dao.connection.ConnectionPool - Connection pool initialized
2023-07-25 21:02:50.360 [main] ERROR com.dev.socialPoll.dao.AbstractQueryExecutor - Unable to execute insert query
org.postgresql.util.PSQLException: ERROR: duplicate key value violates unique constraint "users_email_key"
  Detail: Key (email)=(john.doe@example.com) already exists.
	at org.postgresql.core.v3.QueryExecutorImpl.receiveErrorResponse(QueryExecutorImpl.java:2713) ~[postgresql-42.6.0.jar:42.6.0]
	at org.postgresql.core.v3.QueryExecutorImpl.processResults(QueryExecutorImpl.java:2401) ~[postgresql-42.6.0.jar:42.6.0]
	at org.postgresql.core.v3.QueryExecutorImpl.execute(QueryExecutorImpl.java:368) ~[postgresql-42.6.0.jar:42.6.0]
	at org.postgresql.jdbc.PgStatement.executeInternal(PgStatement.java:498) ~[postgresql-42.6.0.jar:42.6.0]
	at org.postgresql.jdbc.PgStatement.execute(PgStatement.java:415) ~[postgresql-42.6.0.jar:42.6.0]
	at org.postgresql.jdbc.PgPreparedStatement.executeWithFlags(PgPreparedStatement.java:190) ~[postgresql-42.6.0.jar:42.6.0]
	at org.postgresql.jdbc.PgPreparedStatement.executeUpdate(PgPreparedStatement.java:152) ~[postgresql-42.6.0.jar:42.6.0]
	at com.dev.socialPoll.dao.AbstractQueryExecutor.executeInsertQuery(AbstractQueryExecutor.java:56) ~[classes/:?]
	at com.dev.socialPoll.dao.impl.UserDaoImpl.save(UserDaoImpl.java:24) ~[classes/:?]
	at com.dev.socialPoll.dao.impl.UserDaoTest.testSaveUser(UserDaoTest.java:38) ~[test-classes/:?]
	at jdk.internal.reflect.NativeMethodAccessorImpl.invoke0(Native Method) ~[?:?]
	at jdk.internal.reflect.NativeMethodAccessorImpl.invoke(NativeMethodAccessorImpl.java:77) ~[?:?]
	at jdk.internal.reflect.DelegatingMethodAccessorImpl.invoke(DelegatingMethodAccessorImpl.java:43) ~[?:?]
	at java.lang.reflect.Method.invoke(Method.java:568) ~[?:?]
	at org.junit.platform.commons.util.ReflectionUtils.invokeMethod(ReflectionUtils.java:728) ~[junit-platform-commons-1.10.0-M1.jar:1.10.0-M1]
	at org.junit.jupiter.engine.execution.MethodInvocation.proceed(MethodInvocation.java:60) ~[junit-jupiter-engine-5.10.0-M1.jar:5.10.0-M1]
	at org.junit.jupiter.engine.execution.InvocationInterceptorChain$ValidatingInvocation.proceed(InvocationInterceptorChain.java:131) ~[junit-jupiter-engine-5.10.0-M1.jar:5.10.0-M1]
	at org.junit.jupiter.engine.extension.TimeoutExtension.intercept(TimeoutExtension.java:156) ~[junit-jupiter-engine-5.10.0-M1.jar:5.10.0-M1]
	at org.junit.jupiter.engine.extension.TimeoutExtension.interceptTestableMethod(TimeoutExtension.java:147) ~[junit-jupiter-engine-5.10.0-M1.jar:5.10.0-M1]
	at org.junit.jupiter.engine.extension.TimeoutExtension.interceptTestMethod(TimeoutExtension.java:86) ~[junit-jupiter-engine-5.10.0-M1.jar:5.10.0-M1]
	at org.junit.jupiter.engine.execution.InterceptingExecutableInvoker$ReflectiveInterceptorCall.lambda$ofVoidMethod$0(InterceptingExecutableInvoker.java:103) ~[junit-jupiter-engine-5.10.0-M1.jar:5.10.0-M1]
	at org.junit.jupiter.engine.execution.InterceptingExecutableInvoker.lambda$invoke$0(InterceptingExecutableInvoker.java:93) ~[junit-jupiter-engine-5.10.0-M1.jar:5.10.0-M1]
	at org.junit.jupiter.engine.execution.InvocationInterceptorChain$InterceptedInvocation.proceed(InvocationInterceptorChain.java:106) ~[junit-jupiter-engine-5.10.0-M1.jar:5.10.0-M1]
	at org.junit.jupiter.engine.execution.InvocationInterceptorChain.proceed(InvocationInterceptorChain.java:64) ~[junit-jupiter-engine-5.10.0-M1.jar:5.10.0-M1]
	at org.junit.jupiter.engine.execution.InvocationInterceptorChain.chainAndInvoke(InvocationInterceptorChain.java:45) ~[junit-jupiter-engine-5.10.0-M1.jar:5.10.0-M1]
	at org.junit.jupiter.engine.execution.InvocationInterceptorChain.invoke(InvocationInterceptorChain.java:37) ~[junit-jupiter-engine-5.10.0-M1.jar:5.10.0-M1]
	at org.junit.jupiter.engine.execution.InterceptingExecutableInvoker.invoke(InterceptingExecutableInvoker.java:92) ~[junit-jupiter-engine-5.10.0-M1.jar:5.10.0-M1]
	at org.junit.jupiter.engine.execution.InterceptingExecutableInvoker.invoke(InterceptingExecutableInvoker.java:86) ~[junit-jupiter-engine-5.10.0-M1.jar:5.10.0-M1]
	at org.junit.jupiter.engine.descriptor.TestMethodTestDescriptor.lambda$invokeTestMethod$7(TestMethodTestDescriptor.java:218) ~[junit-jupiter-engine-5.10.0-M1.jar:5.10.0-M1]
	at org.junit.platform.engine.support.hierarchical.ThrowableCollector.execute(ThrowableCollector.java:73) ~[junit-platform-engine-1.10.0-M1.jar:1.10.0-M1]
	at org.junit.jupiter.engine.descriptor.TestMethodTestDescriptor.invokeTestMethod(TestMethodTestDescriptor.java:214) ~[junit-jupiter-engine-5.10.0-M1.jar:5.10.0-M1]
	at org.junit.jupiter.engine.descriptor.TestMethodTestDescriptor.execute(TestMethodTestDescriptor.java:139) ~[junit-jupiter-engine-5.10.0-M1.jar:5.10.0-M1]
	at org.junit.jupiter.engine.descriptor.TestMethodTestDescriptor.execute(TestMethodTestDescriptor.java:69) ~[junit-jupiter-engine-5.10.0-M1.jar:5.10.0-M1]
	at org.junit.platform.engine.support.hierarchical.NodeTestTask.lambda$executeRecursively$6(NodeTestTask.java:151) ~[junit-platform-engine-1.10.0-M1.jar:1.10.0-M1]
	at org.junit.platform.engine.support.hierarchical.ThrowableCollector.execute(ThrowableCollector.java:73) ~[junit-platform-engine-1.10.0-M1.jar:1.10.0-M1]
	at org.junit.platform.engine.support.hierarchical.NodeTestTask.lambda$executeRecursively$8(NodeTestTask.java:141) ~[junit-platform-engine-1.10.0-M1.jar:1.10.0-M1]
	at org.junit.platform.engine.support.hierarchical.Node.around(Node.java:137) ~[junit-platform-engine-1.10.0-M1.jar:1.10.0-M1]
	at org.junit.platform.engine.support.hierarchical.NodeTestTask.lambda$executeRecursively$9(NodeTestTask.java:139) ~[junit-platform-engine-1.10.0-M1.jar:1.10.0-M1]
	at org.junit.platform.engine.support.hierarchical.ThrowableCollector.execute(ThrowableCollector.java:73) ~[junit-platform-engine-1.10.0-M1.jar:1.10.0-M1]
	at org.junit.platform.engine.support.hierarchical.NodeTestTask.executeRecursively(NodeTestTask.java:138) ~[junit-platform-engine-1.10.0-M1.jar:1.10.0-M1]
	at org.junit.platform.engine.support.hierarchical.NodeTestTask.execute(NodeTestTask.java:95) ~[junit-platform-engine-1.10.0-M1.jar:1.10.0-M1]
	at java.util.ArrayList.forEach(ArrayList.java:1511) ~[?:?]
	at org.junit.platform.engine.support.hierarchical.SameThreadHierarchicalTestExecutorService.invokeAll(SameThreadHierarchicalTestExecutorService.java:41) ~[junit-platform-engine-1.10.0-M1.jar:1.10.0-M1]
	at org.junit.platform.engine.support.hierarchical.NodeTestTask.lambda$executeRecursively$6(NodeTestTask.java:155) ~[junit-platform-engine-1.10.0-M1.jar:1.10.0-M1]
	at org.junit.platform.engine.support.hierarchical.ThrowableCollector.execute(ThrowableCollector.java:73) ~[junit-platform-engine-1.10.0-M1.jar:1.10.0-M1]
	at org.junit.platform.engine.support.hierarchical.NodeTestTask.lambda$executeRecursively$8(NodeTestTask.java:141) ~[junit-platform-engine-1.10.0-M1.jar:1.10.0-M1]
	at org.junit.platform.engine.support.hierarchical.Node.around(Node.java:137) ~[junit-platform-engine-1.10.0-M1.jar:1.10.0-M1]
	at org.junit.platform.engine.support.hierarchical.NodeTestTask.lambda$executeRecursively$9(NodeTestTask.java:139) ~[junit-platform-engine-1.10.0-M1.jar:1.10.0-M1]
	at org.junit.platform.engine.support.hierarchical.ThrowableCollector.execute(ThrowableCollector.java:73) ~[junit-platform-engine-1.10.0-M1.jar:1.10.0-M1]
	at org.junit.platform.engine.support.hierarchical.NodeTestTask.executeRecursively(NodeTestTask.java:138) ~[junit-platform-engine-1.10.0-M1.jar:1.10.0-M1]
	at org.junit.platform.engine.support.hierarchical.NodeTestTask.execute(NodeTestTask.java:95) ~[junit-platform-engine-1.10.0-M1.jar:1.10.0-M1]
	at java.util.ArrayList.forEach(ArrayList.java:1511) ~[?:?]
	at org.junit.platform.engine.support.hierarchical.SameThreadHierarchicalTestExecutorService.invokeAll(SameThreadHierarchicalTestExecutorService.java:41) ~[junit-platform-engine-1.10.0-M1.jar:1.10.0-M1]
	at org.junit.platform.engine.support.hierarchical.NodeTestTask.lambda$executeRecursively$6(NodeTestTask.java:155) ~[junit-platform-engine-1.10.0-M1.jar:1.10.0-M1]
	at org.junit.platform.engine.support.hierarchical.ThrowableCollector.execute(ThrowableCollector.java:73) ~[junit-platform-engine-1.10.0-M1.jar:1.10.0-M1]
	at org.junit.platform.engine.support.hierarchical.NodeTestTask.lambda$executeRecursively$8(NodeTestTask.java:141) ~[junit-platform-engine-1.10.0-M1.jar:1.10.0-M1]
	at org.junit.platform.engine.support.hierarchical.Node.around(Node.java:137) ~[junit-platform-engine-1.10.0-M1.jar:1.10.0-M1]
	at org.junit.platform.engine.support.hierarchical.NodeTestTask.lambda$executeRecursively$9(NodeTestTask.java:139) ~[junit-platform-engine-1.10.0-M1.jar:1.10.0-M1]
	at org.junit.platform.engine.support.hierarchical.ThrowableCollector.execute(ThrowableCollector.java:73) ~[junit-platform-engine-1.10.0-M1.jar:1.10.0-M1]
	at org.junit.platform.engine.support.hierarchical.NodeTestTask.executeRecursively(NodeTestTask.java:138) ~[junit-platform-engine-1.10.0-M1.jar:1.10.0-M1]
	at org.junit.platform.engine.support.hierarchical.NodeTestTask.execute(NodeTestTask.java:95) ~[junit-platform-engine-1.10.0-M1.jar:1.10.0-M1]
	at org.junit.platform.engine.support.hierarchical.SameThreadHierarchicalTestExecutorService.submit(SameThreadHierarchicalTestExecutorService.java:35) ~[junit-platform-engine-1.10.0-M1.jar:1.10.0-M1]
	at org.junit.platform.engine.support.hierarchical.HierarchicalTestExecutor.execute(HierarchicalTestExecutor.java:57) ~[junit-platform-engine-1.10.0-M1.jar:1.10.0-M1]
	at org.junit.platform.engine.support.hierarchical.HierarchicalTestEngine.execute(HierarchicalTestEngine.java:54) ~[junit-platform-engine-1.10.0-M1.jar:1.10.0-M1]
	at org.junit.platform.launcher.core.EngineExecutionOrchestrator.execute(EngineExecutionOrchestrator.java:203) ~[junit-platform-launcher-1.10.0-M1.jar:1.10.0-M1]
	at org.junit.platform.launcher.core.EngineExecutionOrchestrator.execute(EngineExecutionOrchestrator.java:172) ~[junit-platform-launcher-1.10.0-M1.jar:1.10.0-M1]
	at org.junit.platform.launcher.core.EngineExecutionOrchestrator.execute(EngineExecutionOrchestrator.java:95) ~[junit-platform-launcher-1.10.0-M1.jar:1.10.0-M1]
	at org.junit.platform.launcher.core.EngineExecutionOrchestrator.lambda$execute$0(EngineExecutionOrchestrator.java:60) ~[junit-platform-launcher-1.10.0-M1.jar:1.10.0-M1]
	at org.junit.platform.launcher.core.EngineExecutionOrchestrator.withInterceptedStreams(EngineExecutionOrchestrator.java:144) [junit-platform-launcher-1.10.0-M1.jar:1.10.0-M1]
	at org.junit.platform.launcher.core.EngineExecutionOrchestrator.execute(EngineExecutionOrchestrator.java:59) [junit-platform-launcher-1.10.0-M1.jar:1.10.0-M1]
	at org.junit.platform.launcher.core.DefaultLauncher.execute(DefaultLauncher.java:103) [junit-platform-launcher-1.10.0-M1.jar:1.10.0-M1]
	at org.junit.platform.launcher.core.DefaultLauncher.execute(DefaultLauncher.java:85) [junit-platform-launcher-1.10.0-M1.jar:1.10.0-M1]
	at org.junit.platform.launcher.core.DelegatingLauncher.execute(DelegatingLauncher.java:47) [junit-platform-launcher-1.10.0-M1.jar:1.10.0-M1]
	at org.junit.platform.launcher.core.SessionPerRequestLauncher.execute(SessionPerRequestLauncher.java:63) [junit-platform-launcher-1.10.0-M1.jar:1.10.0-M1]
	at com.intellij.junit5.JUnit5IdeaTestRunner.startRunnerWithArgs(JUnit5IdeaTestRunner.java:57) [junit5-rt.jar:?]
	at com.intellij.rt.junit.IdeaTestRunner$Repeater$1.execute(IdeaTestRunner.java:38) [junit-rt.jar:?]
	at com.intellij.rt.execution.junit.TestsRepeater.repeat(TestsRepeater.java:11) [idea_rt.jar:?]
	at com.intellij.rt.junit.IdeaTestRunner$Repeater.startRunnerWithArgs(IdeaTestRunner.java:35) [junit-rt.jar:?]
	at com.intellij.rt.junit.JUnitStarter.prepareStreamsAndStart(JUnitStarter.java:235) [junit-rt.jar:?]
	at com.intellij.rt.junit.JUnitStarter.main(JUnitStarter.java:54) [junit-rt.jar:?]
2023-07-25 21:05:55.741 [main] INFO  com.dev.socialPoll.dao.connection.ConnectionPool - Connection pool initialized
2023-07-25 21:05:55.780 [main] ERROR com.dev.socialPoll.dao.AbstractQueryExecutor - Unable to execute insert query
org.postgresql.util.PSQLException: ERROR: duplicate key value violates unique constraint "users_email_key"
  Detail: Key (email)=(john.doe@example.com) already exists.
	at org.postgresql.core.v3.QueryExecutorImpl.receiveErrorResponse(QueryExecutorImpl.java:2713) ~[postgresql-42.6.0.jar:42.6.0]
	at org.postgresql.core.v3.QueryExecutorImpl.processResults(QueryExecutorImpl.java:2401) ~[postgresql-42.6.0.jar:42.6.0]
	at org.postgresql.core.v3.QueryExecutorImpl.execute(QueryExecutorImpl.java:368) ~[postgresql-42.6.0.jar:42.6.0]
	at org.postgresql.jdbc.PgStatement.executeInternal(PgStatement.java:498) ~[postgresql-42.6.0.jar:42.6.0]
	at org.postgresql.jdbc.PgStatement.execute(PgStatement.java:415) ~[postgresql-42.6.0.jar:42.6.0]
	at org.postgresql.jdbc.PgPreparedStatement.executeWithFlags(PgPreparedStatement.java:190) ~[postgresql-42.6.0.jar:42.6.0]
	at org.postgresql.jdbc.PgPreparedStatement.executeUpdate(PgPreparedStatement.java:152) ~[postgresql-42.6.0.jar:42.6.0]
	at com.dev.socialPoll.dao.AbstractQueryExecutor.executeInsertQuery(AbstractQueryExecutor.java:56) ~[classes/:?]
	at com.dev.socialPoll.dao.impl.UserDaoImpl.save(UserDaoImpl.java:25) ~[classes/:?]
	at com.dev.socialPoll.dao.impl.UserDaoTest.testSaveUser(UserDaoTest.java:38) ~[test-classes/:?]
	at jdk.internal.reflect.NativeMethodAccessorImpl.invoke0(Native Method) ~[?:?]
	at jdk.internal.reflect.NativeMethodAccessorImpl.invoke(NativeMethodAccessorImpl.java:77) ~[?:?]
	at jdk.internal.reflect.DelegatingMethodAccessorImpl.invoke(DelegatingMethodAccessorImpl.java:43) ~[?:?]
	at java.lang.reflect.Method.invoke(Method.java:568) ~[?:?]
	at org.junit.platform.commons.util.ReflectionUtils.invokeMethod(ReflectionUtils.java:728) ~[junit-platform-commons-1.10.0-M1.jar:1.10.0-M1]
	at org.junit.jupiter.engine.execution.MethodInvocation.proceed(MethodInvocation.java:60) ~[junit-jupiter-engine-5.10.0-M1.jar:5.10.0-M1]
	at org.junit.jupiter.engine.execution.InvocationInterceptorChain$ValidatingInvocation.proceed(InvocationInterceptorChain.java:131) ~[junit-jupiter-engine-5.10.0-M1.jar:5.10.0-M1]
	at org.junit.jupiter.engine.extension.TimeoutExtension.intercept(TimeoutExtension.java:156) ~[junit-jupiter-engine-5.10.0-M1.jar:5.10.0-M1]
	at org.junit.jupiter.engine.extension.TimeoutExtension.interceptTestableMethod(TimeoutExtension.java:147) ~[junit-jupiter-engine-5.10.0-M1.jar:5.10.0-M1]
	at org.junit.jupiter.engine.extension.TimeoutExtension.interceptTestMethod(TimeoutExtension.java:86) ~[junit-jupiter-engine-5.10.0-M1.jar:5.10.0-M1]
	at org.junit.jupiter.engine.execution.InterceptingExecutableInvoker$ReflectiveInterceptorCall.lambda$ofVoidMethod$0(InterceptingExecutableInvoker.java:103) ~[junit-jupiter-engine-5.10.0-M1.jar:5.10.0-M1]
	at org.junit.jupiter.engine.execution.InterceptingExecutableInvoker.lambda$invoke$0(InterceptingExecutableInvoker.java:93) ~[junit-jupiter-engine-5.10.0-M1.jar:5.10.0-M1]
	at org.junit.jupiter.engine.execution.InvocationInterceptorChain$InterceptedInvocation.proceed(InvocationInterceptorChain.java:106) ~[junit-jupiter-engine-5.10.0-M1.jar:5.10.0-M1]
	at org.junit.jupiter.engine.execution.InvocationInterceptorChain.proceed(InvocationInterceptorChain.java:64) ~[junit-jupiter-engine-5.10.0-M1.jar:5.10.0-M1]
	at org.junit.jupiter.engine.execution.InvocationInterceptorChain.chainAndInvoke(InvocationInterceptorChain.java:45) ~[junit-jupiter-engine-5.10.0-M1.jar:5.10.0-M1]
	at org.junit.jupiter.engine.execution.InvocationInterceptorChain.invoke(InvocationInterceptorChain.java:37) ~[junit-jupiter-engine-5.10.0-M1.jar:5.10.0-M1]
	at org.junit.jupiter.engine.execution.InterceptingExecutableInvoker.invoke(InterceptingExecutableInvoker.java:92) ~[junit-jupiter-engine-5.10.0-M1.jar:5.10.0-M1]
	at org.junit.jupiter.engine.execution.InterceptingExecutableInvoker.invoke(InterceptingExecutableInvoker.java:86) ~[junit-jupiter-engine-5.10.0-M1.jar:5.10.0-M1]
	at org.junit.jupiter.engine.descriptor.TestMethodTestDescriptor.lambda$invokeTestMethod$7(TestMethodTestDescriptor.java:218) ~[junit-jupiter-engine-5.10.0-M1.jar:5.10.0-M1]
	at org.junit.platform.engine.support.hierarchical.ThrowableCollector.execute(ThrowableCollector.java:73) ~[junit-platform-engine-1.10.0-M1.jar:1.10.0-M1]
	at org.junit.jupiter.engine.descriptor.TestMethodTestDescriptor.invokeTestMethod(TestMethodTestDescriptor.java:214) ~[junit-jupiter-engine-5.10.0-M1.jar:5.10.0-M1]
	at org.junit.jupiter.engine.descriptor.TestMethodTestDescriptor.execute(TestMethodTestDescriptor.java:139) ~[junit-jupiter-engine-5.10.0-M1.jar:5.10.0-M1]
	at org.junit.jupiter.engine.descriptor.TestMethodTestDescriptor.execute(TestMethodTestDescriptor.java:69) ~[junit-jupiter-engine-5.10.0-M1.jar:5.10.0-M1]
	at org.junit.platform.engine.support.hierarchical.NodeTestTask.lambda$executeRecursively$6(NodeTestTask.java:151) ~[junit-platform-engine-1.10.0-M1.jar:1.10.0-M1]
	at org.junit.platform.engine.support.hierarchical.ThrowableCollector.execute(ThrowableCollector.java:73) ~[junit-platform-engine-1.10.0-M1.jar:1.10.0-M1]
	at org.junit.platform.engine.support.hierarchical.NodeTestTask.lambda$executeRecursively$8(NodeTestTask.java:141) ~[junit-platform-engine-1.10.0-M1.jar:1.10.0-M1]
	at org.junit.platform.engine.support.hierarchical.Node.around(Node.java:137) ~[junit-platform-engine-1.10.0-M1.jar:1.10.0-M1]
	at org.junit.platform.engine.support.hierarchical.NodeTestTask.lambda$executeRecursively$9(NodeTestTask.java:139) ~[junit-platform-engine-1.10.0-M1.jar:1.10.0-M1]
	at org.junit.platform.engine.support.hierarchical.ThrowableCollector.execute(ThrowableCollector.java:73) ~[junit-platform-engine-1.10.0-M1.jar:1.10.0-M1]
	at org.junit.platform.engine.support.hierarchical.NodeTestTask.executeRecursively(NodeTestTask.java:138) ~[junit-platform-engine-1.10.0-M1.jar:1.10.0-M1]
	at org.junit.platform.engine.support.hierarchical.NodeTestTask.execute(NodeTestTask.java:95) ~[junit-platform-engine-1.10.0-M1.jar:1.10.0-M1]
	at java.util.ArrayList.forEach(ArrayList.java:1511) ~[?:?]
	at org.junit.platform.engine.support.hierarchical.SameThreadHierarchicalTestExecutorService.invokeAll(SameThreadHierarchicalTestExecutorService.java:41) ~[junit-platform-engine-1.10.0-M1.jar:1.10.0-M1]
	at org.junit.platform.engine.support.hierarchical.NodeTestTask.lambda$executeRecursively$6(NodeTestTask.java:155) ~[junit-platform-engine-1.10.0-M1.jar:1.10.0-M1]
	at org.junit.platform.engine.support.hierarchical.ThrowableCollector.execute(ThrowableCollector.java:73) ~[junit-platform-engine-1.10.0-M1.jar:1.10.0-M1]
	at org.junit.platform.engine.support.hierarchical.NodeTestTask.lambda$executeRecursively$8(NodeTestTask.java:141) ~[junit-platform-engine-1.10.0-M1.jar:1.10.0-M1]
	at org.junit.platform.engine.support.hierarchical.Node.around(Node.java:137) ~[junit-platform-engine-1.10.0-M1.jar:1.10.0-M1]
	at org.junit.platform.engine.support.hierarchical.NodeTestTask.lambda$executeRecursively$9(NodeTestTask.java:139) ~[junit-platform-engine-1.10.0-M1.jar:1.10.0-M1]
	at org.junit.platform.engine.support.hierarchical.ThrowableCollector.execute(ThrowableCollector.java:73) ~[junit-platform-engine-1.10.0-M1.jar:1.10.0-M1]
	at org.junit.platform.engine.support.hierarchical.NodeTestTask.executeRecursively(NodeTestTask.java:138) ~[junit-platform-engine-1.10.0-M1.jar:1.10.0-M1]
	at org.junit.platform.engine.support.hierarchical.NodeTestTask.execute(NodeTestTask.java:95) ~[junit-platform-engine-1.10.0-M1.jar:1.10.0-M1]
	at java.util.ArrayList.forEach(ArrayList.java:1511) ~[?:?]
	at org.junit.platform.engine.support.hierarchical.SameThreadHierarchicalTestExecutorService.invokeAll(SameThreadHierarchicalTestExecutorService.java:41) ~[junit-platform-engine-1.10.0-M1.jar:1.10.0-M1]
	at org.junit.platform.engine.support.hierarchical.NodeTestTask.lambda$executeRecursively$6(NodeTestTask.java:155) ~[junit-platform-engine-1.10.0-M1.jar:1.10.0-M1]
	at org.junit.platform.engine.support.hierarchical.ThrowableCollector.execute(ThrowableCollector.java:73) ~[junit-platform-engine-1.10.0-M1.jar:1.10.0-M1]
	at org.junit.platform.engine.support.hierarchical.NodeTestTask.lambda$executeRecursively$8(NodeTestTask.java:141) ~[junit-platform-engine-1.10.0-M1.jar:1.10.0-M1]
	at org.junit.platform.engine.support.hierarchical.Node.around(Node.java:137) ~[junit-platform-engine-1.10.0-M1.jar:1.10.0-M1]
	at org.junit.platform.engine.support.hierarchical.NodeTestTask.lambda$executeRecursively$9(NodeTestTask.java:139) ~[junit-platform-engine-1.10.0-M1.jar:1.10.0-M1]
	at org.junit.platform.engine.support.hierarchical.ThrowableCollector.execute(ThrowableCollector.java:73) ~[junit-platform-engine-1.10.0-M1.jar:1.10.0-M1]
	at org.junit.platform.engine.support.hierarchical.NodeTestTask.executeRecursively(NodeTestTask.java:138) ~[junit-platform-engine-1.10.0-M1.jar:1.10.0-M1]
	at org.junit.platform.engine.support.hierarchical.NodeTestTask.execute(NodeTestTask.java:95) ~[junit-platform-engine-1.10.0-M1.jar:1.10.0-M1]
	at org.junit.platform.engine.support.hierarchical.SameThreadHierarchicalTestExecutorService.submit(SameThreadHierarchicalTestExecutorService.java:35) ~[junit-platform-engine-1.10.0-M1.jar:1.10.0-M1]
	at org.junit.platform.engine.support.hierarchical.HierarchicalTestExecutor.execute(HierarchicalTestExecutor.java:57) ~[junit-platform-engine-1.10.0-M1.jar:1.10.0-M1]
	at org.junit.platform.engine.support.hierarchical.HierarchicalTestEngine.execute(HierarchicalTestEngine.java:54) ~[junit-platform-engine-1.10.0-M1.jar:1.10.0-M1]
	at org.junit.platform.launcher.core.EngineExecutionOrchestrator.execute(EngineExecutionOrchestrator.java:203) ~[junit-platform-launcher-1.10.0-M1.jar:1.10.0-M1]
	at org.junit.platform.launcher.core.EngineExecutionOrchestrator.execute(EngineExecutionOrchestrator.java:172) ~[junit-platform-launcher-1.10.0-M1.jar:1.10.0-M1]
	at org.junit.platform.launcher.core.EngineExecutionOrchestrator.execute(EngineExecutionOrchestrator.java:95) ~[junit-platform-launcher-1.10.0-M1.jar:1.10.0-M1]
	at org.junit.platform.launcher.core.EngineExecutionOrchestrator.lambda$execute$0(EngineExecutionOrchestrator.java:60) ~[junit-platform-launcher-1.10.0-M1.jar:1.10.0-M1]
	at org.junit.platform.launcher.core.EngineExecutionOrchestrator.withInterceptedStreams(EngineExecutionOrchestrator.java:144) [junit-platform-launcher-1.10.0-M1.jar:1.10.0-M1]
	at org.junit.platform.launcher.core.EngineExecutionOrchestrator.execute(EngineExecutionOrchestrator.java:59) [junit-platform-launcher-1.10.0-M1.jar:1.10.0-M1]
	at org.junit.platform.launcher.core.DefaultLauncher.execute(DefaultLauncher.java:103) [junit-platform-launcher-1.10.0-M1.jar:1.10.0-M1]
	at org.junit.platform.launcher.core.DefaultLauncher.execute(DefaultLauncher.java:85) [junit-platform-launcher-1.10.0-M1.jar:1.10.0-M1]
	at org.junit.platform.launcher.core.DelegatingLauncher.execute(DelegatingLauncher.java:47) [junit-platform-launcher-1.10.0-M1.jar:1.10.0-M1]
	at org.junit.platform.launcher.core.SessionPerRequestLauncher.execute(SessionPerRequestLauncher.java:63) [junit-platform-launcher-1.10.0-M1.jar:1.10.0-M1]
	at com.intellij.junit5.JUnit5IdeaTestRunner.startRunnerWithArgs(JUnit5IdeaTestRunner.java:57) [junit5-rt.jar:?]
	at com.intellij.rt.junit.IdeaTestRunner$Repeater$1.execute(IdeaTestRunner.java:38) [junit-rt.jar:?]
	at com.intellij.rt.execution.junit.TestsRepeater.repeat(TestsRepeater.java:11) [idea_rt.jar:?]
	at com.intellij.rt.junit.IdeaTestRunner$Repeater.startRunnerWithArgs(IdeaTestRunner.java:35) [junit-rt.jar:?]
	at com.intellij.rt.junit.JUnitStarter.prepareStreamsAndStart(JUnitStarter.java:235) [junit-rt.jar:?]
	at com.intellij.rt.junit.JUnitStarter.main(JUnitStarter.java:54) [junit-rt.jar:?]
2023-07-25 21:07:52.104 [main] INFO  com.dev.socialPoll.dao.connection.ConnectionPool - Connection pool initialized
2023-07-25 21:07:59.061 [main] INFO  com.dev.socialPoll.dao.connection.ConnectionPool - Connection pool initialized
2023-07-25 21:08:56.930 [main] INFO  com.dev.socialPoll.dao.connection.ConnectionPool - Connection pool initialized
2023-07-25 21:09:14.804 [main] INFO  com.dev.socialPoll.dao.connection.ConnectionPool - Connection pool initialized
2023-07-25 21:09:25.344 [main] INFO  com.dev.socialPoll.dao.connection.ConnectionPool - Connection pool initialized
2023-07-25 21:12:42.890 [main] INFO  com.dev.socialPoll.dao.connection.ConnectionPool - Connection pool initialized
2023-07-25 21:12:43.368 [main] INFO  com.dev.socialPoll.dao.connection.ConnectionPool - Connection pool initialized
2023-07-25 21:13:34.874 [main] INFO  com.dev.socialPoll.dao.connection.ConnectionPool - Connection pool initialized
2023-07-25 21:13:35.120 [main] INFO  com.dev.socialPoll.dao.connection.ConnectionPool - Connection pool initialized
2023-07-25 21:14:02.828 [main] INFO  com.dev.socialPoll.dao.connection.ConnectionPool - Connection pool initialized
2023-07-25 21:14:03.078 [main] INFO  com.dev.socialPoll.dao.connection.ConnectionPool - Connection pool initialized
2023-07-25 21:14:16.205 [main] INFO  com.dev.socialPoll.dao.connection.ConnectionPool - Connection pool initialized
2023-07-25 21:14:16.431 [main] INFO  com.dev.socialPoll.dao.connection.ConnectionPool - Connection pool initialized
2023-07-25 21:15:26.473 [main] INFO  com.dev.socialPoll.dao.connection.ConnectionPool - Connection pool initialized
2023-07-25 21:15:26.815 [main] INFO  com.dev.socialPoll.dao.connection.ConnectionPool - Connection pool initialized
2023-07-25 21:15:46.459 [main] INFO  com.dev.socialPoll.dao.connection.ConnectionPool - Connection pool initialized
2023-07-25 21:15:46.699 [main] INFO  com.dev.socialPoll.dao.connection.ConnectionPool - Connection pool initialized
2023-07-25 21:15:59.000 [main] INFO  com.dev.socialPoll.dao.connection.ConnectionPool - Connection pool initialized
2023-07-25 21:15:59.274 [main] INFO  com.dev.socialPoll.dao.connection.ConnectionPool - Connection pool initialized
2023-07-25 21:26:29.834 [main] INFO  com.dev.socialPoll.service.impl.TopicServiceImpl - retrieveTopics is working
2023-07-25 21:26:43.450 [main] INFO  com.dev.socialPoll.dao.connection.ConnectionPool - Connection pool initialized
2023-07-25 21:26:43.673 [main] INFO  com.dev.socialPoll.dao.connection.ConnectionPool - Connection pool initialized
2023-07-25 21:26:43.686 [main] INFO  com.dev.socialPoll.service.impl.TopicServiceImpl - retrieveTopics is working
2023-07-25 21:28:02.360 [main] INFO  com.dev.socialPoll.dao.connection.ConnectionPool - Connection pool initialized
2023-07-25 21:28:02.603 [main] INFO  com.dev.socialPoll.dao.connection.ConnectionPool - Connection pool initialized
2023-07-25 21:28:02.621 [main] INFO  com.dev.socialPoll.service.impl.TopicServiceImpl - retrieveTopics is working
2023-07-25 21:28:37.521 [main] INFO  com.dev.socialPoll.dao.connection.ConnectionPool - Connection pool initialized
2023-07-25 21:28:37.884 [main] INFO  com.dev.socialPoll.dao.connection.ConnectionPool - Connection pool initialized
2023-07-25 21:28:37.902 [main] INFO  com.dev.socialPoll.service.impl.TopicServiceImpl - retrieveTopics is working
2023-07-25 21:29:07.057 [main] INFO  com.dev.socialPoll.dao.connection.ConnectionPool - Connection pool initialized
2023-07-25 21:29:07.313 [main] INFO  com.dev.socialPoll.dao.connection.ConnectionPool - Connection pool initialized
2023-07-25 21:29:07.332 [main] INFO  com.dev.socialPoll.service.impl.TopicServiceImpl - retrieveTopics is working
2023-07-25 21:29:45.497 [main] INFO  com.dev.socialPoll.dao.connection.ConnectionPool - Connection pool initialized
2023-07-25 21:29:45.732 [main] INFO  com.dev.socialPoll.dao.connection.ConnectionPool - Connection pool initialized
2023-07-25 21:29:45.747 [main] INFO  com.dev.socialPoll.service.impl.TopicServiceImpl - retrieveTopics is working
2023-07-25 21:30:01.538 [main] INFO  com.dev.socialPoll.dao.connection.ConnectionPool - Connection pool initialized
2023-07-25 21:30:01.778 [main] INFO  com.dev.socialPoll.dao.connection.ConnectionPool - Connection pool initialized
2023-07-25 21:30:01.794 [main] INFO  com.dev.socialPoll.service.impl.TopicServiceImpl - retrieveTopics is working
2023-07-25 21:30:45.910 [main] INFO  com.dev.socialPoll.dao.connection.ConnectionPool - Connection pool initialized
2023-07-25 21:30:46.162 [main] INFO  com.dev.socialPoll.dao.connection.ConnectionPool - Connection pool initialized
2023-07-25 21:30:46.177 [main] INFO  com.dev.socialPoll.service.impl.TopicServiceImpl - retrieveTopics is working
2023-07-25 21:31:15.492 [main] INFO  com.dev.socialPoll.dao.connection.ConnectionPool - Connection pool initialized
2023-07-25 21:31:15.758 [main] INFO  com.dev.socialPoll.dao.connection.ConnectionPool - Connection pool initialized
2023-07-25 21:31:15.773 [main] INFO  com.dev.socialPoll.service.impl.TopicServiceImpl - retrieveTopics is working
2023-07-25 21:31:56.608 [main] INFO  com.dev.socialPoll.dao.connection.ConnectionPool - Connection pool initialized
2023-07-25 21:31:56.839 [main] INFO  com.dev.socialPoll.dao.connection.ConnectionPool - Connection pool initialized
2023-07-25 21:31:56.852 [main] INFO  com.dev.socialPoll.service.impl.TopicServiceImpl - retrieveTopics is working
2023-07-25 21:32:07.699 [main] INFO  com.dev.socialPoll.dao.connection.ConnectionPool - Connection pool initialized
2023-07-25 21:32:07.939 [main] INFO  com.dev.socialPoll.dao.connection.ConnectionPool - Connection pool initialized
2023-07-25 21:32:07.951 [main] INFO  com.dev.socialPoll.service.impl.TopicServiceImpl - retrieveTopics is working
2023-07-25 21:32:26.067 [main] INFO  com.dev.socialPoll.dao.connection.ConnectionPool - Connection pool initialized
2023-07-25 21:32:26.329 [main] INFO  com.dev.socialPoll.dao.connection.ConnectionPool - Connection pool initialized
2023-07-25 21:32:26.343 [main] INFO  com.dev.socialPoll.service.impl.TopicServiceImpl - retrieveTopics is working
2023-07-25 21:32:56.388 [main] INFO  com.dev.socialPoll.dao.connection.ConnectionPool - Connection pool initialized
2023-07-25 21:32:56.654 [main] INFO  com.dev.socialPoll.dao.connection.ConnectionPool - Connection pool initialized
2023-07-25 21:32:56.668 [main] INFO  com.dev.socialPoll.service.impl.TopicServiceImpl - retrieveTopics is working
2023-07-25 21:33:20.374 [main] INFO  com.dev.socialPoll.dao.connection.ConnectionPool - Connection pool initialized
2023-07-25 21:33:20.630 [main] INFO  com.dev.socialPoll.dao.connection.ConnectionPool - Connection pool initialized
2023-07-25 21:33:20.645 [main] INFO  com.dev.socialPoll.service.impl.TopicServiceImpl - retrieveTopics is working
2023-07-25 21:34:11.732 [main] INFO  com.dev.socialPoll.dao.connection.ConnectionPool - Connection pool initialized
2023-07-25 21:34:12.040 [main] INFO  com.dev.socialPoll.dao.connection.ConnectionPool - Connection pool initialized
2023-07-25 21:34:12.060 [main] INFO  com.dev.socialPoll.service.impl.TopicServiceImpl - retrieveTopics is working
2023-07-25 21:34:29.328 [main] INFO  com.dev.socialPoll.dao.connection.ConnectionPool - Connection pool initialized
2023-07-25 21:34:29.710 [main] INFO  com.dev.socialPoll.dao.connection.ConnectionPool - Connection pool initialized
2023-07-25 21:34:29.730 [main] INFO  com.dev.socialPoll.service.impl.TopicServiceImpl - retrieveTopics is working
2023-07-25 21:35:02.547 [main] INFO  com.dev.socialPoll.dao.connection.ConnectionPool - Connection pool initialized
2023-07-25 21:35:02.812 [main] INFO  com.dev.socialPoll.dao.connection.ConnectionPool - Connection pool initialized
2023-07-25 21:35:02.825 [main] INFO  com.dev.socialPoll.service.impl.TopicServiceImpl - retrieveTopics is working
2023-07-25 21:36:31.217 [main] INFO  com.dev.socialPoll.dao.connection.ConnectionPool - Connection pool initialized
2023-07-25 21:36:31.427 [main] INFO  com.dev.socialPoll.dao.connection.ConnectionPool - Connection pool initialized
2023-07-25 21:36:31.439 [main] INFO  com.dev.socialPoll.service.impl.TopicServiceImpl - retrieveTopics is working
2023-07-25 21:39:19.025 [main] INFO  com.dev.socialPoll.dao.connection.ConnectionPool - Connection pool initialized
2023-07-25 21:39:19.277 [main] INFO  com.dev.socialPoll.dao.connection.ConnectionPool - Connection pool initialized
2023-07-25 21:39:19.328 [main] INFO  com.dev.socialPoll.service.impl.TopicServiceImpl - retrieveTopics is working
2023-07-25 21:40:07.671 [main] INFO  com.dev.socialPoll.dao.connection.ConnectionPool - Connection pool initialized
2023-07-25 21:40:07.908 [main] INFO  com.dev.socialPoll.dao.connection.ConnectionPool - Connection pool initialized
2023-07-25 21:40:07.958 [main] INFO  com.dev.socialPoll.service.impl.TopicServiceImpl - retrieveTopics is working
2023-07-25 21:40:35.038 [main] INFO  com.dev.socialPoll.dao.connection.ConnectionPool - Connection pool initialized
2023-07-25 21:40:35.281 [main] INFO  com.dev.socialPoll.dao.connection.ConnectionPool - Connection pool initialized
2023-07-25 21:40:35.335 [main] INFO  com.dev.socialPoll.service.impl.TopicServiceImpl - retrieveTopics is working
2023-07-25 21:40:48.708 [main] INFO  com.dev.socialPoll.dao.connection.ConnectionPool - Connection pool initialized
2023-07-25 21:40:48.963 [main] INFO  com.dev.socialPoll.dao.connection.ConnectionPool - Connection pool initialized
2023-07-25 21:40:49.014 [main] INFO  com.dev.socialPoll.service.impl.TopicServiceImpl - retrieveTopics is working
2023-07-25 21:41:20.617 [main] INFO  com.dev.socialPoll.dao.connection.ConnectionPool - Connection pool initialized
2023-07-25 21:41:20.874 [main] INFO  com.dev.socialPoll.dao.connection.ConnectionPool - Connection pool initialized
2023-07-25 21:41:20.921 [main] INFO  com.dev.socialPoll.service.impl.TopicServiceImpl - retrieveTopics is working
2023-07-25 21:45:10.342 [main] INFO  com.dev.socialPoll.dao.connection.ConnectionPool - Connection pool initialized
2023-07-25 21:45:10.639 [main] INFO  com.dev.socialPoll.dao.connection.ConnectionPool - Connection pool initialized
2023-07-25 21:45:10.683 [main] INFO  com.dev.socialPoll.service.impl.TopicServiceImpl - retrieveTopics is working
2023-07-25 21:45:36.202 [main] INFO  com.dev.socialPoll.dao.connection.ConnectionPool - Connection pool initialized
2023-07-25 21:45:36.462 [main] INFO  com.dev.socialPoll.dao.connection.ConnectionPool - Connection pool initialized
2023-07-25 21:45:36.509 [main] INFO  com.dev.socialPoll.service.impl.TopicServiceImpl - retrieveTopics is working
2023-07-25 21:46:04.604 [main] INFO  com.dev.socialPoll.dao.connection.ConnectionPool - Connection pool initialized
2023-07-25 21:46:04.979 [main] INFO  com.dev.socialPoll.dao.connection.ConnectionPool - Connection pool initialized
2023-07-25 21:46:05.029 [main] INFO  com.dev.socialPoll.service.impl.TopicServiceImpl - retrieveTopics is working
2023-07-25 21:52:01.012 [main] INFO  com.dev.socialPoll.dao.connection.ConnectionPool - Connection pool initialized
2023-07-25 21:52:01.303 [main] INFO  com.dev.socialPoll.dao.connection.ConnectionPool - Connection pool initialized
2023-07-25 21:52:01.370 [main] INFO  com.dev.socialPoll.service.impl.TopicServiceImpl - retrieveTopics is working
2023-07-25 22:13:37.944 [main] INFO  com.dev.socialPoll.dao.connection.ConnectionPool - Connection pool initialized
2023-07-25 22:13:38.198 [main] INFO  com.dev.socialPoll.dao.connection.ConnectionPool - Connection pool initialized
2023-07-25 22:13:38.238 [main] INFO  com.dev.socialPoll.service.impl.TopicServiceImpl - retrieveTopics is working
2023-07-25 22:13:50.315 [main] INFO  com.dev.socialPoll.dao.connection.ConnectionPool - Connection pool initialized
2023-07-25 22:13:50.566 [main] INFO  com.dev.socialPoll.dao.connection.ConnectionPool - Connection pool initialized
2023-07-25 22:13:50.628 [main] INFO  com.dev.socialPoll.service.impl.TopicServiceImpl - retrieveTopics is working
2023-07-25 22:15:37.110 [main] INFO  com.dev.socialPoll.dao.connection.ConnectionPool - Connection pool initialized
2023-07-25 22:15:37.337 [main] INFO  com.dev.socialPoll.dao.connection.ConnectionPool - Connection pool initialized
2023-07-25 22:15:37.389 [main] INFO  com.dev.socialPoll.service.impl.TopicServiceImpl - retrieveTopics is working
2023-07-25 22:15:56.898 [main] INFO  com.dev.socialPoll.dao.connection.ConnectionPool - Connection pool initialized
2023-07-25 22:15:57.111 [main] INFO  com.dev.socialPoll.dao.connection.ConnectionPool - Connection pool initialized
2023-07-25 22:15:57.170 [main] INFO  com.dev.socialPoll.service.impl.TopicServiceImpl - retrieveTopics is working
2023-07-25 22:18:03.955 [main] INFO  com.dev.socialPoll.dao.connection.ConnectionPool - Connection pool initialized
2023-07-25 22:18:04.290 [main] INFO  com.dev.socialPoll.dao.connection.ConnectionPool - Connection pool initialized
2023-07-25 22:18:04.351 [main] INFO  com.dev.socialPoll.service.impl.TopicServiceImpl - retrieveTopics is working
2023-07-25 22:19:09.019 [main] INFO  com.dev.socialPoll.dao.connection.ConnectionPool - Connection pool initialized
2023-07-25 22:19:09.279 [main] INFO  com.dev.socialPoll.dao.connection.ConnectionPool - Connection pool initialized
2023-07-25 22:19:09.346 [main] INFO  com.dev.socialPoll.service.impl.TopicServiceImpl - retrieveTopics is working
2023-07-25 22:20:19.675 [main] INFO  com.dev.socialPoll.dao.connection.ConnectionPool - Connection pool initialized
2023-07-25 22:20:19.894 [main] INFO  com.dev.socialPoll.dao.connection.ConnectionPool - Connection pool initialized
2023-07-25 22:20:19.946 [main] INFO  com.dev.socialPoll.service.impl.TopicServiceImpl - retrieveTopics is working
2023-07-25 22:20:32.761 [main] INFO  com.dev.socialPoll.dao.connection.ConnectionPool - Connection pool initialized
2023-07-25 22:20:32.983 [main] INFO  com.dev.socialPoll.dao.connection.ConnectionPool - Connection pool initialized
2023-07-25 22:20:33.048 [main] INFO  com.dev.socialPoll.service.impl.TopicServiceImpl - retrieveTopics is working
2023-07-25 22:21:10.628 [main] INFO  com.dev.socialPoll.dao.connection.ConnectionPool - Connection pool initialized
2023-07-25 22:21:10.849 [main] INFO  com.dev.socialPoll.dao.connection.ConnectionPool - Connection pool initialized
2023-07-25 22:21:10.909 [main] INFO  com.dev.socialPoll.service.impl.TopicServiceImpl - retrieveTopics is working
2023-07-25 22:21:29.069 [main] INFO  com.dev.socialPoll.dao.connection.ConnectionPool - Connection pool initialized
2023-07-25 22:21:29.289 [main] INFO  com.dev.socialPoll.dao.connection.ConnectionPool - Connection pool initialized
2023-07-25 22:21:29.347 [main] INFO  com.dev.socialPoll.service.impl.TopicServiceImpl - retrieveTopics is working
2023-07-25 22:22:11.559 [main] INFO  com.dev.socialPoll.dao.connection.ConnectionPool - Connection pool initialized
2023-07-25 22:22:11.778 [main] INFO  com.dev.socialPoll.dao.connection.ConnectionPool - Connection pool initialized
2023-07-25 22:22:11.829 [main] INFO  com.dev.socialPoll.service.impl.TopicServiceImpl - retrieveTopics is working
2023-07-25 22:22:56.450 [main] INFO  com.dev.socialPoll.dao.connection.ConnectionPool - Connection pool initialized
2023-07-25 22:22:56.644 [main] INFO  com.dev.socialPoll.dao.connection.ConnectionPool - Connection pool initialized
2023-07-25 22:22:56.689 [main] INFO  com.dev.socialPoll.service.impl.TopicServiceImpl - retrieveTopics is working
2023-07-25 22:23:50.667 [main] INFO  com.dev.socialPoll.dao.connection.ConnectionPool - Connection pool initialized
2023-07-25 22:23:50.911 [main] INFO  com.dev.socialPoll.dao.connection.ConnectionPool - Connection pool initialized
2023-07-25 22:23:50.957 [main] INFO  com.dev.socialPoll.service.impl.TopicServiceImpl - retrieveTopics is working
2023-07-25 22:24:24.536 [main] INFO  com.dev.socialPoll.dao.connection.ConnectionPool - Connection pool initialized
2023-07-25 22:24:24.756 [main] INFO  com.dev.socialPoll.dao.connection.ConnectionPool - Connection pool initialized
2023-07-25 22:24:24.813 [main] INFO  com.dev.socialPoll.service.impl.TopicServiceImpl - retrieveTopics is working
2023-07-25 22:25:35.418 [main] INFO  com.dev.socialPoll.dao.connection.ConnectionPool - Connection pool initialized
2023-07-25 22:25:35.668 [main] INFO  com.dev.socialPoll.dao.connection.ConnectionPool - Connection pool initialized
2023-07-25 22:25:35.729 [main] INFO  com.dev.socialPoll.service.impl.TopicServiceImpl - retrieveTopics is working
2023-07-25 22:26:18.702 [main] INFO  com.dev.socialPoll.dao.connection.ConnectionPool - Connection pool initialized
2023-07-25 22:26:18.909 [main] INFO  com.dev.socialPoll.dao.connection.ConnectionPool - Connection pool initialized
2023-07-25 22:26:18.967 [main] INFO  com.dev.socialPoll.service.impl.TopicServiceImpl - retrieveTopics is working
2023-07-25 22:27:03.075 [main] INFO  com.dev.socialPoll.dao.connection.ConnectionPool - Connection pool initialized
2023-07-25 22:27:03.293 [main] INFO  com.dev.socialPoll.dao.connection.ConnectionPool - Connection pool initialized
2023-07-25 22:27:03.348 [main] INFO  com.dev.socialPoll.service.impl.TopicServiceImpl - retrieveTopics is working
2023-07-25 22:27:58.991 [main] INFO  com.dev.socialPoll.dao.connection.ConnectionPool - Connection pool initialized
2023-07-25 22:27:59.245 [main] INFO  com.dev.socialPoll.dao.connection.ConnectionPool - Connection pool initialized
2023-07-25 22:27:59.303 [main] INFO  com.dev.socialPoll.service.impl.TopicServiceImpl - retrieveTopics is working
